info : +++++ STARTED +++++ 58839 +++++ ctocomaiswx10p +++++ CITS/SPIDER/spiderprime +++++ spider_101_update_feed_cycle
#------------------- Execution Environment -------------------#
_=/abinitio/apps/ste-prod/CitiTech/CITS/SPIDER/db_siq_cdw_lsr/.project-start.ksh
AB_AIR_BRANCH=''
AB_AIR_JOB=''
AB_AIR_ROOT=//aisteemep/abinitio/comp_eme/eme/ste-prod
AB_APPCONF_EXECUTION=false
AB_APPLICATION_HUB=/optware/abinitio-app-hub-3229
AB_APPLICATION_NAME=''
AB_COMPATIBILITY=3.2.2.9
AB_COMPONENTS=/opt/abinitio3229/Projects/root/components
AB_DECLARATIONS_REQUIRED=true
AB_DML_DEFS='include "/opt/abinitio3229/Projects/abenv/xfr/abenv.xfr";'
ABENV=/~abenv
ABENV_PROJECT=/opt/abinitio3229/Projects/abenv
AB_GRAPH_LITERAL_PSET=/abinitio-tmp/PI-58831-5770348e-10.fpset
AB_GRAPH_MAX_CORE_DOUBLE=209715200
AB_GRAPH_MAX_CORE_OCTUPLE=838860800
AB_GRAPH_MAX_CORE_QUADRUPLE=419430400
AB_GRAPH_NAME=spider_101_update_feed_cycle
AB_HOME=/opt/abinitio3229
AB_JOB=spider_101_update_feed_cycle
AB_JOB_PREFIX=''
AB_LIB_PATH=''
AB_LOCAL_USER=spaiprg
AB_OPS_GRAPH=/abinitio/spaiprg/sandboxes/spaiprg/CitiTech/CITS/SPIDER/rspiderprimev2050-rspiderprimev2051-rspiderprimev2052-rspiderprimev2053-rspiderprimev2054-rspiderprimev2056-r_spiderprime_v205_7/mp/spider_101_update_feed_cycle.mp
AB_OPS_JOB_GUID=bd032899-57706cce-e5cf-1
AB_OPS_MONITOR=True
AB_OPS_PREDECESSOR_GUID=bd032899-57706cce-e5cf-3
AB_PARAMETER_ENV=sandbox
AB_PLAN_CURRENT_RECOVERY_FILE=''
AB_PLAN_DOES_UMASK_CORE_AND_DUMP=true
AB_PLAN_FILE_PLAN_NAME=''
AB_PLANIT_FILE_PLAN_NAME=''
AB_PLANIT_METHOD_NAME=''
AB_PLANIT_PLAN_NAME=''
AB_PLANIT_ROOT_PLAN_NAME=''
AB_PLANIT_TASK_NAME=''
AB_PLAN_JOB_ID=''
AB_PLAN_METHOD_NAME=''
AB_PLAN_PLAN_NAME=''
AB_PLAN_REDIRECTED_OUTPUT=true
AB_PLAN_ROOT_PLAN_NAME=''
AB_PLAN_TASK_NAME=''
AB_PSET_NAME=''
AB_REPORT=monitor='60 processes scroll=true'
AB_REPOSIT_TRACKING=''
AB_ROOT_PROJECT=/opt/abinitio3229/Projects/root
AB_SFD_FORM_UI_VALUES=''
AB_SYSTEM_NAME=''
AB_TMPDIR=/abinitio/tmp
AB_TRACKING_RAW_DATA=/abinitio/spaiprg/data/CitiTech/admin/CITS/SPIDER/spiderprime/tracking/spaiprg/spider_101_update_feed_cycle_2016-06-26-20-01-18_58835.tracking
AB_ULIMIT_DONE=nofiles='max file=max data=max rss=max vmemory=max nproc=max'
AB_UMASK=007
_ab_uname=Linux
AI_ABENV_VERSION=2.3
AI_ADMIN=/abinitio/spaiprg/data/CitiTech/admin/CITS/SPIDER/spiderprime
AI_ADMIN_BASE=/abinitio/spaiprg/data/CitiTech/admin
AI_ADMIN_ERROR=/abinitio/spaiprg/data/CitiTech/admin/CITS/SPIDER/spiderprime/error/spaiprg
AI_ADMIN_HOME=/abinitio/spaiprg/data/CitiTech/admin/CITS/SPIDER/spiderprime
AI_ADMIN_LOG=/abinitio/spaiprg/data/CitiTech/admin/CITS/SPIDER/spiderprime/log/spaiprg
AI_ADMIN_PARAM=/abinitio/spaiprg/data/CitiTech/admin/CITS/SPIDER/spiderprime/parameter/spaiprg
AI_ADMIN_PRIVATE_ROOT=/abinitio/apps/ste-prod/CitiTech
AI_ADMIN_PUBLIC_ROOT=/abinitio/apps/ste-prod/CitiTech
AI_ADMIN_SUMMARY=/abinitio/spaiprg/data/CitiTech/admin/CITS/SPIDER/spiderprime/summary/spaiprg
AI_ADMIN_TRACKING=/abinitio/spaiprg/data/CitiTech/admin/CITS/SPIDER/spiderprime/tracking/spaiprg
AI_ARCH_MFS=/spider_prd2/SPIDER/mfs_8way/main
AI_BIN=/abinitio/spaiprg/sandboxes/spaiprg/CitiTech/CITS/SPIDER/rspiderprimev2050-rspiderprimev2051-rspiderprimev2052-rspiderprimev2053-rspiderprimev2054-rspiderprimev2056-r_spiderprime_v205_7/bin
AI_CHECKIN_ALLOWED=true
AI_CLIENT_CHECKS_DATA_DIRS=true
AI_COLLECT_PARAM_TRACKING=none
AI_COLLECT_PLAN_TRACKING=dom
AI_COLLECT_RAW_TRACKING=full
AI_COLLECT_SUMMARY=false
AI_DATA_MOUNT=/abinitio/spaiprg/data/CitiTech
AI_DB=/abinitio/spaiprg/sandboxes/spaiprg/CitiTech/CITS/SPIDER/rspiderprimev2050-rspiderprimev2051-rspiderprimev2052-rspiderprimev2053-rspiderprimev2054-rspiderprimev2056-r_spiderprime_v205_7/db
AI_DML=/abinitio/spaiprg/sandboxes/spaiprg/CitiTech/CITS/SPIDER/rspiderprimev2050-rspiderprimev2051-rspiderprimev2052-rspiderprimev2053-rspiderprimev2054-rspiderprimev2056-r_spiderprime_v205_7/dml
AI_DUPLICATE_OUTPUT=stderr
AI_ENVIRONMENT_NAME=CitiTech
AI_ENV_LOG=/abinitio/spaiprg/data/CitiTech/admin/log/spaiprg_ctocomaiswx10p_environment_operations_2016_06.log
AI_ENV_LOG_HOME=/abinitio/spaiprg/data/CitiTech/admin/log
AI_ERROR_FILE=/abinitio/spaiprg/data/CitiTech/admin/CITS/SPIDER/spiderprime/error/spaiprg/spider_101_update_feed_cycle_2016-06-26-20-01-18_58835.err
AI_EXECUTION_HOST=ctocomaiswx10p.nam.nsroot.net
AI_EXECUTION_PROJECT_DIR=''
AI_EXECUTION_UMASK=007
AI_FILE_DATE=2016-06-26-20-01-18
AI_FILE_SUFFIX=58836_2016-06-26-20-01-18
AI_GRAPH_MAX_CORE=104857600
AI_GRAPH_MAX_CORE_HALF=52428800
AI_GRAPH_MAX_CORE_MAX=8000m
AI_GRAPH_MAX_CORE_MIN=10m
AI_GRAPH_MAX_CORE_QUARTER=26214400
AI_GRAPH_NAME=spider_101_update_feed_cycle
AI_INPUT_PSET_FILE=/abinitio/spaiprg/data/CitiTech/admin/CITS/SPIDER/spiderprime/parameter/spaiprg/spider_101_update_feed_cycle_2016-06-26-20-01-18_58835.pset
AI_JOB_COMPLETED_MESSAGE='++++ COMPLETED ++++ Job spider_101_update_feed_cycle_2016-06-26-20-01-18_58835'
AI_JOB_FAILED_MESSAGE='++++ FAILED ++++ Job spider_101_update_feed_cycle_2016-06-26-20-01-18_58835'
AI_JOB_STARTED_MESSAGE='++++ STARTED ++++ Job spider_101_update_feed_cycle_2016-06-26-20-01-18_58835'
AI_LOG_FILE=/abinitio/spaiprg/data/CitiTech/admin/CITS/SPIDER/spiderprime/log/spaiprg/spider_101_update_feed_cycle_2016-06-26-20-01-18_58835.log
AI_LOG_PREFIX=spider_101_update_feed_cycle_2016-06-26-20-01-18_58835
AI_MFS=/abinitio/spaiprg/data/CitiTech/mfs/mfs8way/CITS/SPIDER/spiderprime/main/spaiprg
AI_MFS_BASE=/abinitio/spaiprg/data/CitiTech/mfs/mfs8way
AI_MFS_DEPTH=8
AI_MFS_HOME=/abinitio/spaiprg/data/CitiTech/mfs/mfs8way/CITS/SPIDER/spiderprime
AI_MFS_LOOKUP=/abinitio/spaiprg/data/CitiTech/mfs/mfs8way/CITS/SPIDER/spiderprime/lookup/spaiprg
AI_MFS_MOUNT=/abinitio/spaiprg/data/CitiTech/mfs
AI_MFS_NAME=mfs8way
AI_MFS_PARTITIONS=/abinitio/spaiprg/data/CitiTech/mfs/parts
AI_MFS_PENDING=/abinitio/spaiprg/data/CitiTech/mfs/mfs8way/CITS/SPIDER/spiderprime/pending/spaiprg
AI_MFS_QUEUE=/abinitio/spaiprg/data/CitiTech/mfs/mfs8way/CITS/SPIDER/spiderprime/queue/spaiprg
AI_MFS_QUEUES=/abinitio/spaiprg/data/CitiTech/mfs/mfs8way/CITS/SPIDER/spiderprime/queues/spaiprg
AI_MFS_REJECT=/abinitio/spaiprg/data/CitiTech/mfs/mfs8way/CITS/SPIDER/spiderprime/reject/spaiprg
AI_MFS_TEMP=/abinitio/spaiprg/data/CitiTech/mfs/mfs8way/CITS/SPIDER/spiderprime/temp/spaiprg
AI_MP=/abinitio/spaiprg/sandboxes/spaiprg/CitiTech/CITS/SPIDER/rspiderprimev2050-rspiderprimev2051-rspiderprimev2052-rspiderprimev2053-rspiderprimev2054-rspiderprimev2056-r_spiderprime_v205_7/mp
AI_MULTIPLEX_KEYFILE='$STE_MULTIPLEX_KEYFILE'
AI_MULTIPLEX_LOG='$STE_MULTIPLEX_LOG'
AI_MULTIPLEX_PORT=9001
AI_MULTIPLEX_SERVER=ctocomaiswx10p
AI_PARAM_ARCHIVE_FILE=/abinitio/spaiprg/data/CitiTech/admin/CITS/SPIDER/spiderprime/parameter/spaiprg/spider_101_update_feed_cycle_2016-06-26-20-01-18_58835.penv
AI_PARAM_COLLECTION_POLICY=minimal
AI_PHASE=dev
AI_PLAN=/abinitio/spaiprg/sandboxes/spaiprg/CitiTech/CITS/SPIDER/rspiderprimev2050-rspiderprimev2051-rspiderprimev2052-rspiderprimev2053-rspiderprimev2054-rspiderprimev2056-r_spiderprime_v205_7/plan
AI_PLAN_TRACKING_FILE=/abinitio/spaiprg/data/CitiTech/admin/CITS/SPIDER/spiderprime/tracking/spaiprg/spider_101_update_feed_cycle_2016-06-26-20-01-18_58835.dom
AI_PREFIX=AI
AI_PRINT_ENVIRONMENT=true
AI_PROCESS_ID=58835
AI_PSET=/abinitio/spaiprg/sandboxes/spaiprg/CitiTech/CITS/SPIDER/rspiderprimev2050-rspiderprimev2051-rspiderprimev2052-rspiderprimev2053-rspiderprimev2054-rspiderprimev2056-r_spiderprime_v205_7/pset
AI_RAW_TRACKING_FILE=/abinitio/spaiprg/data/CitiTech/admin/CITS/SPIDER/spiderprime/tracking/spaiprg/spider_101_update_feed_cycle_2016-06-26-20-01-18_58835.tracking
AI_REDIRECT_OUTPUT=both
AI_REL_LOC=CITS/SPIDER/spiderprime
AI_RESOURCE=/abinitio/spaiprg/sandboxes/spaiprg/CitiTech/CITS/SPIDER/rspiderprimev2050-rspiderprimev2051-rspiderprimev2052-rspiderprimev2053-rspiderprimev2054-rspiderprimev2056-r_spiderprime_v205_7/resource
AI_RPATH=/Projects/CitiTech
AI_SERIAL=/abinitio/spaiprg/data/CitiTech/serial/CITS/SPIDER/spiderprime/main/spaiprg
AI_SERIAL_BASE=/abinitio/spaiprg/data/CitiTech/serial
AI_SERIAL_ERROR=/abinitio/spaiprg/data/CitiTech/admin/CITS/SPIDER/spiderprime/error/spaiprg
AI_SERIAL_HOME=/abinitio/spaiprg/data/CitiTech/serial/CITS/SPIDER/spiderprime
AI_SERIAL_LOG=/abinitio/spaiprg/data/CitiTech/admin/CITS/SPIDER/spiderprime/log/spaiprg
AI_SERIAL_LOOKUP=/abinitio/spaiprg/data/CitiTech/serial/CITS/SPIDER/spiderprime/lookup/spaiprg
AI_SERIAL_PENDING=/abinitio/spaiprg/data/CitiTech/serial/CITS/SPIDER/spiderprime/pending/spaiprg
AI_SERIAL_QUEUE=/abinitio/spaiprg/data/CitiTech/serial/CITS/SPIDER/spiderprime/queue/spaiprg
AI_SERIAL_QUEUES=/abinitio/spaiprg/data/CitiTech/serial/CITS/SPIDER/spiderprime/queues/spaiprg
AI_SERIAL_REJECT=/abinitio/spaiprg/data/CitiTech/serial/CITS/SPIDER/spiderprime/reject/spaiprg
AI_SERIAL_SUMMARY=/abinitio/spaiprg/data/CitiTech/admin/CITS/SPIDER/spiderprime/summary/spaiprg
AI_SERIAL_TEMP=/abinitio/spaiprg/data/CitiTech/serial/CITS/SPIDER/spiderprime/temp/spaiprg
AI_SILENT_SCRIPTS=false
AI_SORT_MAX_CORE=104857600
AI_SORT_MAX_CORE_HALF=52428800
AI_SORT_MAX_CORE_QUARTER=26214400
AI_STDENV_DIR=/abinitio/apps/ste-prod/CitiTech/stdenv
AI_SUMMARY_FILE=/abinitio/spaiprg/data/CitiTech/admin/CITS/SPIDER/spiderprime/summary/spaiprg/spider_101_update_feed_cycle_2016-06-26-20-01-18_58835.sum
AI_TEMPLATE_DIR=/opt/abinitio3229/Projects/abenv/../templates
AI_TEST_FLAG=spaiprg
__AI_TMP_LOG_PREFIX=spider_101_update_feed_cycle_2016-06-26-20-01-18_58835
__AI_TMP_SET_ENVIRONMENT=1
AI_TRACE_LEVEL=info
AI_TRACK_GDE_EXECUTION=false
AI_XFR=/abinitio/spaiprg/sandboxes/spaiprg/CitiTech/CITS/SPIDER/rspiderprimev2050-rspiderprimev2051-rspiderprimev2052-rspiderprimev2053-rspiderprimev2054-rspiderprimev2056-r_spiderprime_v205_7/xfr
_AST_FEATURES='UNIVERSE - ucb'
AUTO_JOB_NAME=161668_FeedCycleStart
AUTO_JOB_PID=58455
AUTOPID=58454
AUTORUN=83940904-1
AUTOSERV=PA6
AUTOSYS_LOG=/home/spaiprg/logs/autosys
BO_REMOTE_HOST=corpbo125p.nam.nsroot.net
BO_REMOTE_PATH=/home/spboprg/FileEvent
BO_REMOTE_USER=spboprg
chk_arr=(2 15 7)
chk_len=3
CLASSPATH='$CLASSPATH'
COBDATE=20160624
COMMON_DB_ORA_SPIDER_ENCRYPTED_PASSWD=YhoJTWonSBetIvGqPKKkwH
COMMON_DB_ORA_SPIDER_HOME=/optware/oraClient/11.2.0.4
COMMON_DB_ORA_SPIDER_NAME=@SPORPRG
COMMON_DB_ORA_SPIDER_NODES=ctocomaiswx10p.nam.nsroot.net
COMMON_DB_ORA_SPIDER_USER=spider
COMMON_DB_ORA_SPIDER_VERSION=11.2.0.4
COMMON_SPIDER=/abinitio/apps/ste-prod/CitiTech/CITS/SPIDER/common_spider
COMMON_SPIDER_ADMIN=/abinitio/spaiprg/data/CitiTech/admin/CITS/SPIDER/common_spider
COMMON_SPIDER_ADMIN_HOME=/abinitio/spaiprg/data/CitiTech/admin/CITS/SPIDER/common_spider
COMMON_SPIDER_BIN=/abinitio/apps/ste-prod/CitiTech/CITS/SPIDER/common_spider/bin
COMMON_SPIDER_DB=/abinitio/apps/ste-prod/CitiTech/CITS/SPIDER/db_db2_nlc_gcr/db
COMMON_SPIDER_DB_ORA=/abinitio/apps/ste-prod/CitiTech/CITS/SPIDER/db_ora_spider/db
COMMON_SPIDER_DB_SIQ=/abinitio/apps/ste-prod/CitiTech/CITS/SPIDER/db_siq_cdw_lsr/db
COMMON_SPIDER_DML=/abinitio/apps/ste-prod/CitiTech/CITS/SPIDER/common_spider/dml
COMMON_SPIDER_LOOKUP=/abinitio/spaiprg/data/CitiTech/serial/CITS/SPIDER/common_spider/lookup/spaiprg
COMMON_SPIDER_MFS=/abinitio/spaiprg/data/CitiTech/mfs/mfs8way/CITS/SPIDER/common_spider/main/spaiprg
COMMON_SPIDER_MFS_HOME=/abinitio/spaiprg/data/CitiTech/mfs/mfs8way/CITS/SPIDER/common_spider
COMMON_SPIDER_MFS_LOOKUP=/abinitio/spaiprg/data/CitiTech/mfs/mfs8way/CITS/SPIDER/common_spider/lookup/spaiprg
COMMON_SPIDER_MFS_PENDING=/abinitio/spaiprg/data/CitiTech/mfs/mfs8way/CITS/SPIDER/common_spider/pending/spaiprg
COMMON_SPIDER_MFS_REJECT=/abinitio/spaiprg/data/CitiTech/mfs/mfs8way/CITS/SPIDER/common_spider/reject/spaiprg
COMMON_SPIDER_MFS_TEMP=/abinitio/spaiprg/data/CitiTech/mfs/mfs8way/CITS/SPIDER/common_spider/temp/spaiprg
COMMON_SPIDER_MP=/abinitio/apps/ste-prod/CitiTech/CITS/SPIDER/common_spider/mp
COMMON_SPIDER_PENDING=/abinitio/spaiprg/data/CitiTech/serial/CITS/SPIDER/common_spider/pending/spaiprg
COMMON_SPIDER_PLAN=/abinitio/apps/ste-prod/CitiTech/CITS/SPIDER/common_spider/plan
COMMON_SPIDER_PSET=/abinitio/apps/ste-prod/CitiTech/CITS/SPIDER/common_spider/pset
COMMON_SPIDER_REJECT=/abinitio/spaiprg/data/CitiTech/serial/CITS/SPIDER/common_spider/reject/spaiprg
COMMON_SPIDER_REL_LOC=CITS/SPIDER/common_spider
COMMON_SPIDER_RESOURCE=/abinitio/apps/ste-prod/CitiTech/CITS/SPIDER/common_spider/resource
COMMON_SPIDER_SERIAL=/abinitio/spaiprg/data/CitiTech/serial/CITS/SPIDER/common_spider/main/spaiprg
COMMON_SPIDER_SERIAL_ERROR=/abinitio/spaiprg/data/CitiTech/admin/CITS/SPIDER/common_spider/error/spaiprg
COMMON_SPIDER_SERIAL_HOME=/abinitio/spaiprg/data/CitiTech/serial/CITS/SPIDER/common_spider
COMMON_SPIDER_SERIAL_LOG=/abinitio/spaiprg/data/CitiTech/admin/CITS/SPIDER/common_spider/log/spaiprg
COMMON_SPIDER_TEMP=/abinitio/spaiprg/data/CitiTech/serial/CITS/SPIDER/common_spider/temp/spaiprg
COMMON_SPIDER_XFR=/abinitio/apps/ste-prod/CitiTech/CITS/SPIDER/common_spider/xfr
COMPREFIX=/abinitio/apps
CUR_DTTM=20160626200113
_current_os=Linux
CURRENT_SYSTEM_DATE=20160626
CVS_RSH=ssh
CYCLESTATUS=S
DB2INSTANCE='$DB2INSTANCE'
DB_CASE=lower
DB_DB2_NLC_GCR=/abinitio/apps/ste-prod/CitiTech/CITS/SPIDER/db_db2_nlc_gcr
DB_HOME=TEST_HOME
DB_NAME=TEST_DB
DB_NODE=TEST_NODE
DB_ORA_SPIDER=/abinitio/apps/ste-prod/CitiTech/CITS/SPIDER/db_ora_spider
DB_PASSWORD=TEST_PASSWD
DB_SIQ_CDW_LSR=/abinitio/apps/ste-prod/CitiTech/CITS/SPIDER/db_siq_cdw_lsr
DB_USER=TEST_USER
DB_VERSION=1
DEFAULT_DATA_DIRECTORY_PERMISSIONS=2775
DEFAULT_DATA_DIR_NAME=data
DEFAULT_DATETIME_FORMAT=YYYYMMDDHH24:MI:SS
DEFAULT_DIRECTORY_PERMISSIONS=2775
DEFAULT_PRIVATE_DIR_NAME=private_sand
DEFAULT_PUBLIC_DIR_NAME=sand
DEFAULT_STDENV_DIR_NAME=stdenv
DMS_REMOTE_HOST=dms-prod-ai.wlb3.nam.nsroot.net
DMS_REMOTE_PATH=/var/app/dms/inbound
DMS_REMOTE_USER=dmaiprg
EERS_REMOTE_HOST=eersprod.nam.nsroot.net
EERS_REMOTE_PATH=/home/feeders/spider/pub
EERS_REMOTE_USER=spider
EME_ROOT='$EME_ROOT'
ENV_DB_CASE=''
ENV_DEFAULT_DATETIME_FORMAT=''
ENVIRONMENT_OPERATIONS_LOG_PERMISSIONS=0666
ESPAGENT=WA1_AGENT
ESPAGENTDIR=/opt/CA/WorkloadAutomationAE/SystemAgent/WA1_AGENT
ESPAGENTHASH=FCAFBC57F04A2EFA29A41CAA8F4A8D070008724A
ESPAGENTPORT=7521
ESPAGENTTOKEN=73706169707267
ESPAPGEN=1
ESPAPPL=WAAE_WF0
ESPAPPLMGR='JavaAgent#tcpip@PA6_SCH'
ESP_INTERACTIVE=true
ESPJOBFLAGS=3cc18
ESPMSGQUEUE=/opt/CA/WorkloadAutomationAE/SystemAgent/WA1_AGENT/cybAgent.bin
ESPOBJECT=155823.83940904_1/WAAE_WF0.1/MAIN
ESPSPOOLDIR=/opt/CA/WorkloadAutomationAE/SystemAgent/WA1_AGENT/spool
ESPWOB=155823.83940904_1
eval=AI_ENV_LOG
EWA_ENV_SRC_1=/home/spaiprg/fn_sandbox/spiderprime/bin/spider_autosys_profile.sh
EXCPTN_REP_RECORD_LIMIT=100000
EXINIT='set ll=9999999'
FCEDIT=ed
first_char=9
G_BROKEN_FILENAMES=1
HISTCMD=0
HISTCONTROL=ignoredups
HISTSIZE=1000
HOME=/home/spaiprg
HOSTNAME=ctocomaiswx10p
HOSTNAME_FULL=ctocomaiswx10p
i=0
IFS=$' \t\n'
IFS_SAVE=$' \t\n'
INBOUND_LSR_PATH=/home/spaiprg/fn_inbound/LSR
INBOUND_PATH=/home/spaiprg/fn_dms
JAVA_HOME=/optware/jdk/1.7.0_51l64
JAVA_OPTIONS=-Xmx46080m
JOBMAX=0
KSH_VERSION=.sh.version
LANG=en_US.UTF-8
LD_LIBRARY_PATH='$MQ_HOME_LIB:/opt/$DB2INSTANCE/sqllib/lib:/optware/jdk/1.7.0_51l64/lib:/optware/oraClient/11.2.0.4/lib:/optware/oraClient/11.2.0.4/network/lib:/optware/oraClient/11.2.0.4/jdbc/lib:$SYBASE/$SYBASE_OCS/lib:/opt/abinitio3229/lib:/opt/abinitio3229/lib:/opt/CA/WorkloadAutomationAE/SystemAgent/WA1_AGENT:/optware/oraClient/11.2.0.4/lib:/optware/oraClient/11.2.0.4/network/lib:/optware/oraClient/11.2.0.4/jdbc/lib:/opt/abinitio3229/lib:/opt/CA/WorkloadAutomationAE/SystemAgent/WA1_AGENT:/opt/CA/WorkloadAutomationAE/SystemAgent/WA1_AGENT:/opt/CA/WorkloadAutomationAE/SystemAgent/WA1_AGENT/jre/lib/amd64/server:/opt/CA/WorkloadAutomationAE/SystemAgent/WA1_AGENT/jre/lib/amd64:'
LESSOPEN='||/usr/bin/lesspipe.sh %s'
LINENO=340
LOGNAME=spaiprg
LS_COLORS=rs='0:di=01;34:ln=01;36:mh=00:pi=40;33:so=01;35:do=01;35:bd=40;33;01:cd=40;33;01:or=40;31;01:mi=01;05;37;41:su=37;41:sg=30;43:ca=30;41:tw=30;42:ow=34;42:st=37;44:ex=01;32:*.tar=01;31:*.tgz=01;31:*.arj=01;31:*.taz=01;31:*.lzh=01;31:*.lzma=01;31:*.tlz=01;31:*.txz=01;31:*.zip=01;31:*.z=01;31:*.Z=01;31:*.dz=01;31:*.gz=01;31:*.lz=01;31:*.xz=01;31:*.bz2=01;31:*.tbz=01;31:*.tbz2=01;31:*.bz=01;31:*.tz=01;31:*.deb=01;31:*.rpm=01;31:*.jar=01;31:*.rar=01;31:*.ace=01;31:*.zoo=01;31:*.cpio=01;31:*.7z=01;31:*.rz=01;31:*.jpg=01;35:*.jpeg=01;35:*.gif=01;35:*.bmp=01;35:*.pbm=01;35:*.pgm=01;35:*.ppm=01;35:*.tga=01;35:*.xbm=01;35:*.xpm=01;35:*.tif=01;35:*.tiff=01;35:*.png=01;35:*.svg=01;35:*.svgz=01;35:*.mng=01;35:*.pcx=01;35:*.mov=01;35:*.mpg=01;35:*.mpeg=01;35:*.m2v=01;35:*.mkv=01;35:*.ogm=01;35:*.mp4=01;35:*.m4v=01;35:*.mp4v=01;35:*.vob=01;35:*.qt=01;35:*.nuv=01;35:*.wmv=01;35:*.asf=01;35:*.rm=01;35:*.rmvb=01;35:*.flc=01;35:*.avi=01;35:*.fli=01;35:*.flv=01;35:*.gl=01;35:*.dl=01;35:*.xcf=01;35:*.xwd=01;35:*.yuv=01;35:*.cgm=01;35:*.emf=01;35:*.axv=01;35:*.anx=01;35:*.ogv=01;35:*.ogx=01;35:*.aac=01;36:*.au=01;36:*.flac=01;36:*.mid=01;36:*.midi=01;36:*.mka=01;36:*.mp3=01;36:*.mpc=01;36:*.ogg=01;36:*.ra=01;36:*.wav=01;36:*.axa=01;36:*.oga=01;36:*.spx=01;36:*.xspf=01;36:'
MAIL=/var/spool/mail/root
MAILCHECK=600
MQ_HOME='$MQ_HOME'
MQ_HOME_LIB='$MQ_HOME_LIB'
NLSPATH=/usr/dt/lib/nls/msg/%L/%N.cat
OLDPWD=/home/spaiprg
OPTIND=1
ORACLE_CLIENT_VERSION='$ORACLE_CLIENT_VERSION'
ORACLE_DB=dbi:Oracle:gmrd1
ORACLE_HOME=/optware/oraClient/11.2.0.4
ORACLE_SERVER=gmrdev
os_env_message=Xenv-message
os_is_mks=0
os_is_win=0
PATH='/opt/$DB2INSTANCE/sqllib/bin:/opt/$DB2INSTANCE/sqllib/adm:/opt/$DB2INSTANCE/sqllib/misc:/optware/jdk/1.7.0_51l64/bin:$SYBASE/$SYBASE_OCS/bin:/optware/oraClient/11.2.0.4/bin:/usr/sbin:/opt/abinitio3229/bin:/opt/abinitio3229/bin:/optware/oraClient/11.2.0.4/bin:/opt/abinitio3229/bin:/usr/sbin:/sbin:/usr/sbin:/bin:/usr/bin'
pathsep=:
PHASE='$PHASE'
PMC_PULL_DIR=/pull
PMC_PUSH_DIR=/push
PMC_REMOTE_HOST=pmc-wb.nam.nsroot.net
PMC_REMOTE_PORT=2222
PMC_REMOTE_USER=spider
PPID=58831
PREFIX=AI
PROJECT_DIR=/abinitio/spaiprg/sandboxes/spaiprg/CitiTech/CITS/SPIDER/rspiderprimev2050-rspiderprimev2051-rspiderprimev2052-rspiderprimev2053-rspiderprimev2054-rspiderprimev2056-r_spiderprime_v205_7
PS2='> '
PS3='#? '
PS4='+ '
PWD=/abinitio/tmp
RANDOM=18165
RUN=/abinitio/spaiprg/sandboxes/spaiprg/CitiTech/CITS/SPIDER/rspiderprimev2050-rspiderprimev2051-rspiderprimev2052-rspiderprimev2053-rspiderprimev2054-rspiderprimev2056-r_spiderprime_v205_7/run
SECONDS=0.074
SERVER=ctocomaiswx10p
SHELL=/bin/ksh
SHLVL=7
SPIDERID=spaiprg
STDENV=/abinitio/apps/ste-prod/CitiTech/stdenv
STDENV_SUFFIX=/CitiTech
STDERR='>>/home/spaiprg/logs/autosys/161668_FeedCycleStart_20160626200113.err'
STDOUT='>>/home/spaiprg/logs/autosys/161668_FeedCycleStart_20160626200113.out'
STD_TOOLS=/opt/abinitio3229/bin
STE_AB_REPORT='$STE_AB_REPORT'
STE_ADMIN_PRIVATE_ROOT=/abinitio/apps/ste-prod/CitiTech
STE_ADMIN_PUBLIC_ROOT=/abinitio/apps/ste-prod/CitiTech
STE_COMPREFIX=/abinitio/apps
STE_DATA_MOUNT=/abinitio/spaiprg/data/CitiTech
STE_ENVIRONMENT_NAME=CitiTech
STE_ENV_ROOT=/abinitio/apps/ste-prod/CitiTech/stdenv
STE_MFS_DEPTH=8
STE_MULTIPLEX_KEYFILE=/abinitio/apps/ste-prod/CitiTech/stdenv/ste_multiplexer_9001_key.txt
STE_MULTIPLEX_LOG=/abinitio/spaiprg/data/CitiTech/admin/log/ste_multiplexer_log_ctocomaiswx10p_spaiprg.txt
STE_MULTIPLEX_PORT=9001
STE_MULTIPLEX_SERVER=ctocomaiswx10p
STE_PATH=/home/spaiprg/fn_ste
SYBASE='$SYBASE'
SYBASE_HOME='$SYBASE_HOME'
SYBASE_OCS='$SYBASE_OCS'
TERM=vt100
TIBCO_HOME='$TIBCO_HOME'
TMOUT=1800
tmp_hide_list=''
TNS_ADMIN=/abinitio/optware/oracle
USER=spaiprg
USERID=AI
ver_arr=(3 2 2 9)
WEB_SERVICE_KEY=bG90dXMx
WEB_SERVICE_URL='https://spider.wlb3.nam.nsroot.net/WebApp/services/populateSpiderMetaDataService?wsdl'
WEB_SERVIVE_TIME_OUT=1500
XFILESEARCHPATH=/usr/dt/app-defaults/%L/Dt
--------------------------------------------------------------------------------
Jun 26 20:01:19   Phase 0 started (0 seconds)
                        CPU Time  Status Skew Vertex
                           0.000 [ 1:  ]   0% CRD_Parms
                           0.000 [ 1:  ]   0% CSP_SP_UPDATE_FEED_CYCLE
                           0.000 [ 1:  ]   0% RFMT_Trans_in_out_Parms
--------------------------------------------------------------------------------
Jun 26 20:01:19   Phase 0 ended (1 second)
                        CPU Time  Status Skew Vertex
                           0.047 [  : 1]   0% CRD_Parms
                           0.149 [  : 1]   0% CSP_SP_UPDATE_FEED_CYCLE
                           0.054 [  : 1]   0% RFMT_Trans_in_out_Parms
--------------------------------------------------------------------------------
       Data Bytes         Records      Status      Skew Flow   Vertex                   Port
               20               1 [    :    :   1]   0% Flow_1 CRD_Parms                out
               20               1 [    :    :   1]   0% Flow_1 CSP_SP_UPDATE_FEED_CYCLE in
               54               1 [    :    :   1]   0% Flow_2 CSP_SP_UPDATE_FEED_CYCLE out0
               54               1 [    :    :   1]   0% Flow_2 RFMT_Trans_in_out_Parms  in
               54               1 [    :    :   1]   0% Flow_3 RFMT_Trans_in_out_Parms  out0
                0               0 [    :    :   1]   0% Flow_4 RFMT_Trans_in_out_Parms  out0%reject
                0               0 [    :    :   1]   0% Flow_5 RFMT_Trans_in_out_Parms  out0%error
--------------------------------------------------------------------------------
info : +++++ COMPLETED +++++ 58839 +++++ ctocomaiswx10p +++++ CITS/SPIDER/spiderprime +++++ spider_101_update_feed_cycle
